[     465ms] [INFO] %cDownload the React DevTools for a better development experience: https://react.dev/link/react-devtools font-weight:bold @ http://localhost:3000/_next/static/chunks/node_modules_next_dist_115brz8._.js:2431
[     515ms] [LOG] [HMR] connected @ http://localhost:3000/_next/static/chunks/node_modules_next_dist_115brz8._.js:2431
[  129717ms] [ERROR] Failed to load resource: the server responded with a status of 401 (Unauthorized) @ http://localhost:3000/api/request:0
[  185254ms] [LOG] [Fast Refresh] rebuilding @ http://localhost:3000/_next/static/chunks/node_modules_next_dist_115brz8._.js:2431
[  186170ms] [ERROR] WebSocket connection to 'ws://localhost:3000/_next/webpack-hmr?id=UXoV6u5XUQv-SjLWo7sU3' failed: Error in connection establishment: net::ERR_CONNECTION_REFUSED @ http://localhost:3000/_next/static/chunks/node_modules_next_dist_client_0fhqo1d._.js:13299
[  186558ms] [ERROR] Failed to load resource: net::ERR_CONNECTION_REFUSED @ http://localhost:3000/api/cards:0
[  186559ms] [ERROR] Failed to load resource: net::ERR_CONNECTION_REFUSED @ http://localhost:3000/:0
[  186562ms] TypeError: Failed to fetch
    at KanbanPage.useCallback[fetchCards] (http://localhost:3000/_next/static/chunks/_0h_k62y._.js:831:31)
    at KanbanPage.useEffect.t (http://localhost:3000/_next/static/chunks/_0h_k62y._.js:851:21)
[  186566ms] TypeError: Failed to fetch
    at fetchServerAction (http://localhost:3000/_next/static/chunks/node_modules_next_dist_client_0fhqo1d._.js:11109:23)
[  186575ms] [ERROR] Failed to load resource: net::ERR_CONNECTION_REFUSED @ http://localhost:3000/__nextjs_original-stack-frames:0
[  186576ms] [ERROR] WebSocket is already in CLOSING or CLOSED state. @ http://localhost:3000/_next/static/chunks/node_modules_next_dist_115brz8._.js:2790
[  186581ms] [ERROR] Failed to load resource: net::ERR_CONNECTION_REFUSED @ http://localhost:3000/__nextjs_original-stack-frames:0
[  187175ms] [ERROR] WebSocket connection to 'ws://localhost:3000/_next/webpack-hmr?id=UXoV6u5XUQv-SjLWo7sU3' failed: Error in connection establishment: net::ERR_CONNECTION_REFUSED @ http://localhost:3000/_next/static/chunks/node_modules_next_dist_client_0fhqo1d._.js:13299
[  188177ms] [ERROR] WebSocket connection to 'ws://localhost:3000/_next/webpack-hmr?id=UXoV6u5XUQv-SjLWo7sU3' failed: Error in connection establishment: net::ERR_CONNECTION_REFUSED @ http://localhost:3000/_next/static/chunks/node_modules_next_dist_client_0fhqo1d._.js:13299
[  189179ms] [ERROR] WebSocket connection to 'ws://localhost:3000/_next/webpack-hmr?id=UXoV6u5XUQv-SjLWo7sU3' failed: Error in connection establishment: net::ERR_CONNECTION_REFUSED @ http://localhost:3000/_next/static/chunks/node_modules_next_dist_client_0fhqo1d._.js:13299
[  189555ms] [ERROR] Failed to load resource: net::ERR_CONNECTION_REFUSED @ http://localhost:3000/api/cards:0
[  189555ms] TypeError: Failed to fetch
    at KanbanPage.useCallback[fetchCards] (http://localhost:3000/_next/static/chunks/_0h_k62y._.js:831:31)
    at KanbanPage.useEffect.t (http://localhost:3000/_next/static/chunks/_0h_k62y._.js:851:21)
[  189555ms] [ERROR] Failed to load resource: net::ERR_CONNECTION_REFUSED @ http://localhost:3000/:0
[  189556ms] TypeError: Failed to fetch
    at fetchServerAction (http://localhost:3000/_next/static/chunks/node_modules_next_dist_client_0fhqo1d._.js:11109:23)
[  189556ms] [ERROR] WebSocket is already in CLOSING or CLOSED state. @ http://localhost:3000/_next/static/chunks/node_modules_next_dist_115brz8._.js:2790
[  190182ms] [ERROR] WebSocket connection to 'ws://localhost:3000/_next/webpack-hmr?id=UXoV6u5XUQv-SjLWo7sU3' failed: Error in connection establishment: net::ERR_CONNECTION_REFUSED @ http://localhost:3000/_next/static/chunks/node_modules_next_dist_client_0fhqo1d._.js:13299
[  192555ms] [ERROR] Failed to load resource: net::ERR_CONNECTION_REFUSED @ http://localhost:3000/api/cards:0
[  192556ms] TypeError: Failed to fetch
    at KanbanPage.useCallback[fetchCards] (http://localhost:3000/_next/static/chunks/_0h_k62y._.js:831:31)
    at KanbanPage.useEffect.t (http://localhost:3000/_next/static/chunks/_0h_k62y._.js:851:21)
[  192555ms] [ERROR] Failed to load resource: net::ERR_CONNECTION_REFUSED @ http://localhost:3000/:0
[  192556ms] TypeError: Failed to fetch
    at fetchServerAction (http://localhost:3000/_next/static/chunks/node_modules_next_dist_client_0fhqo1d._.js:11109:23)
[  192556ms] [ERROR] WebSocket is already in CLOSING or CLOSED state. @ http://localhost:3000/_next/static/chunks/node_modules_next_dist_115brz8._.js:2790
[  195184ms] [ERROR] WebSocket connection to 'ws://localhost:3000/_next/webpack-hmr?id=UXoV6u5XUQv-SjLWo7sU3' failed: Error in connection establishment: net::ERR_CONNECTION_REFUSED @ http://localhost:3000/_next/static/chunks/node_modules_next_dist_client_0fhqo1d._.js:13299
[  195555ms] [ERROR] Failed to load resource: net::ERR_CONNECTION_REFUSED @ http://localhost:3000/api/cards:0
[  195555ms] TypeError: Failed to fetch
    at KanbanPage.useCallback[fetchCards] (http://localhost:3000/_next/static/chunks/_0h_k62y._.js:831:31)
    at KanbanPage.useEffect.t (http://localhost:3000/_next/static/chunks/_0h_k62y._.js:851:21)
[  195555ms] [ERROR] Failed to load resource: net::ERR_CONNECTION_REFUSED @ http://localhost:3000/:0
[  195555ms] [ERROR] WebSocket is already in CLOSING or CLOSED state. @ http://localhost:3000/_next/static/chunks/node_modules_next_dist_115brz8._.js:2790
[  195556ms] TypeError: Failed to fetch
    at fetchServerAction (http://localhost:3000/_next/static/chunks/node_modules_next_dist_client_0fhqo1d._.js:11109:23)
[  195571ms] [ERROR] WebSocket is already in CLOSING or CLOSED state. @ http://localhost:3000/_next/static/chunks/node_modules_next_dist_115brz8._.js:2790
[  198561ms] [ERROR] Failed to load resource: net::ERR_CONNECTION_REFUSED @ http://localhost:3000/api/cards:0
[  198566ms] TypeError: Failed to fetch
    at KanbanPage.useCallback[fetchCards] (http://localhost:3000/_next/static/chunks/_0h_k62y._.js:831:31)
    at KanbanPage.useEffect.t (http://localhost:3000/_next/static/chunks/_0h_k62y._.js:851:21)
[  198564ms] [ERROR] Failed to load resource: net::ERR_CONNECTION_REFUSED @ http://localhost:3000/:0
[  198564ms] [ERROR] WebSocket is already in CLOSING or CLOSED state. @ http://localhost:3000/_next/static/chunks/node_modules_next_dist_115brz8._.js:2790
[  198568ms] TypeError: Failed to fetch
    at fetchServerAction (http://localhost:3000/_next/static/chunks/node_modules_next_dist_client_0fhqo1d._.js:11109:23)
[  198589ms] [ERROR] WebSocket is already in CLOSING or CLOSED state. @ http://localhost:3000/_next/static/chunks/node_modules_next_dist_115brz8._.js:2790
[  200186ms] [ERROR] WebSocket connection to 'ws://localhost:3000/_next/webpack-hmr?id=UXoV6u5XUQv-SjLWo7sU3' failed: Error in connection establishment: net::ERR_CONNECTION_REFUSED @ http://localhost:3000/_next/static/chunks/node_modules_next_dist_client_0fhqo1d._.js:13299
[  201555ms] [ERROR] Failed to load resource: net::ERR_CONNECTION_REFUSED @ http://localhost:3000/api/cards:0
[  201556ms] TypeError: Failed to fetch
    at KanbanPage.useCallback[fetchCards] (http://localhost:3000/_next/static/chunks/_0h_k62y._.js:831:31)
    at KanbanPage.useEffect.t (http://localhost:3000/_next/static/chunks/_0h_k62y._.js:851:21)
[  201555ms] [ERROR] Failed to load resource: net::ERR_CONNECTION_REFUSED @ http://localhost:3000/:0
[  201555ms] [ERROR] WebSocket is already in CLOSING or CLOSED state. @ http://localhost:3000/_next/static/chunks/node_modules_next_dist_115brz8._.js:2790
[  201556ms] TypeError: Failed to fetch
    at fetchServerAction (http://localhost:3000/_next/static/chunks/node_modules_next_dist_client_0fhqo1d._.js:11109:23)
[  201571ms] [ERROR] WebSocket is already in CLOSING or CLOSED state. @ http://localhost:3000/_next/static/chunks/node_modules_next_dist_115brz8._.js:2790
[  204557ms] [ERROR] Failed to load resource: net::ERR_CONNECTION_REFUSED @ http://localhost:3000/api/cards:0
[  204559ms] TypeError: Failed to fetch
    at KanbanPage.useCallback[fetchCards] (http://localhost:3000/_next/static/chunks/_0h_k62y._.js:831:31)
    at KanbanPage.useEffect.t (http://localhost:3000/_next/static/chunks/_0h_k62y._.js:851:21)
[  204558ms] [ERROR] Failed to load resource: net::ERR_CONNECTION_REFUSED @ http://localhost:3000/:0
[  204558ms] [ERROR] WebSocket is already in CLOSING or CLOSED state. @ http://localhost:3000/_next/static/chunks/node_modules_next_dist_115brz8._.js:2790
[  204560ms] TypeError: Failed to fetch
    at fetchServerAction (http://localhost:3000/_next/static/chunks/node_modules_next_dist_client_0fhqo1d._.js:11109:23)
[  204572ms] [ERROR] WebSocket is already in CLOSING or CLOSED state. @ http://localhost:3000/_next/static/chunks/node_modules_next_dist_115brz8._.js:2790
[  205190ms] [ERROR] WebSocket connection to 'ws://localhost:3000/_next/webpack-hmr?id=UXoV6u5XUQv-SjLWo7sU3' failed: Error in connection establishment: net::ERR_CONNECTION_REFUSED @ http://localhost:3000/_next/static/chunks/node_modules_next_dist_client_0fhqo1d._.js:13299
[  207556ms] [ERROR] Failed to load resource: net::ERR_CONNECTION_REFUSED @ http://localhost:3000/api/cards:0
[  207556ms] TypeError: Failed to fetch
    at KanbanPage.useCallback[fetchCards] (http://localhost:3000/_next/static/chunks/_0h_k62y._.js:831:31)
    at KanbanPage.useEffect.t (http://localhost:3000/_next/static/chunks/_0h_k62y._.js:851:21)
[  207556ms] [ERROR] Failed to load resource: net::ERR_CONNECTION_REFUSED @ http://localhost:3000/:0
[  207557ms] TypeError: Failed to fetch
    at fetchServerAction (http://localhost:3000/_next/static/chunks/node_modules_next_dist_client_0fhqo1d._.js:11109:23)
[  207557ms] [ERROR] WebSocket is already in CLOSING or CLOSED state. @ http://localhost:3000/_next/static/chunks/node_modules_next_dist_115brz8._.js:2790
[  210194ms] [ERROR] WebSocket connection to 'ws://localhost:3000/_next/webpack-hmr?id=UXoV6u5XUQv-SjLWo7sU3' failed: Error in connection establishment: net::ERR_CONNECTION_REFUSED @ http://localhost:3000/_next/static/chunks/node_modules_next_dist_client_0fhqo1d._.js:13299
[  210562ms] [ERROR] Failed to load resource: net::ERR_CONNECTION_REFUSED @ http://localhost:3000/api/cards:0
[  210565ms] TypeError: Failed to fetch
    at KanbanPage.useCallback[fetchCards] (http://localhost:3000/_next/static/chunks/_0h_k62y._.js:831:31)
    at KanbanPage.useEffect.t (http://localhost:3000/_next/static/chunks/_0h_k62y._.js:851:21)
[  210564ms] [ERROR] Failed to load resource: net::ERR_CONNECTION_REFUSED @ http://localhost:3000/:0
[  210564ms] [ERROR] WebSocket is already in CLOSING or CLOSED state. @ http://localhost:3000/_next/static/chunks/node_modules_next_dist_115brz8._.js:2790
[  210568ms] TypeError: Failed to fetch
    at fetchServerAction (http://localhost:3000/_next/static/chunks/node_modules_next_dist_client_0fhqo1d._.js:11109:23)
[  210588ms] [ERROR] WebSocket is already in CLOSING or CLOSED state. @ http://localhost:3000/_next/static/chunks/node_modules_next_dist_115brz8._.js:2790
[  213555ms] [ERROR] Failed to load resource: net::ERR_CONNECTION_REFUSED @ http://localhost:3000/api/cards:0
[  213556ms] TypeError: Failed to fetch
    at KanbanPage.useCallback[fetchCards] (http://localhost:3000/_next/static/chunks/_0h_k62y._.js:831:31)
    at KanbanPage.useEffect.t (http://localhost:3000/_next/static/chunks/_0h_k62y._.js:851:21)
[  213556ms] [ERROR] Failed to load resource: net::ERR_CONNECTION_REFUSED @ http://localhost:3000/:0
[  213556ms] [ERROR] WebSocket is already in CLOSING or CLOSED state. @ http://localhost:3000/_next/static/chunks/node_modules_next_dist_115brz8._.js:2790
[  213556ms] TypeError: Failed to fetch
    at fetchServerAction (http://localhost:3000/_next/static/chunks/node_modules_next_dist_client_0fhqo1d._.js:11109:23)
[  213572ms] [ERROR] WebSocket is already in CLOSING or CLOSED state. @ http://localhost:3000/_next/static/chunks/node_modules_next_dist_115brz8._.js:2790
[  215198ms] [ERROR] WebSocket connection to 'ws://localhost:3000/_next/webpack-hmr?id=UXoV6u5XUQv-SjLWo7sU3' failed: Error in connection establishment: net::ERR_CONNECTION_REFUSED @ http://localhost:3000/_next/static/chunks/node_modules_next_dist_client_0fhqo1d._.js:13299
[  216555ms] [ERROR] Failed to load resource: net::ERR_CONNECTION_REFUSED @ http://localhost:3000/api/cards:0
[  216556ms] TypeError: Failed to fetch
    at KanbanPage.useCallback[fetchCards] (http://localhost:3000/_next/static/chunks/_0h_k62y._.js:831:31)
    at KanbanPage.useEffect.t (http://localhost:3000/_next/static/chunks/_0h_k62y._.js:851:21)
[  216556ms] [ERROR] Failed to load resource: net::ERR_CONNECTION_REFUSED @ http://localhost:3000/:0
[  216556ms] [ERROR] WebSocket is already in CLOSING or CLOSED state. @ http://localhost:3000/_next/static/chunks/node_modules_next_dist_115brz8._.js:2790
[  216557ms] TypeError: Failed to fetch
    at fetchServerAction (http://localhost:3000/_next/static/chunks/node_modules_next_dist_client_0fhqo1d._.js:11109:23)
[  216572ms] [ERROR] WebSocket is already in CLOSING or CLOSED state. @ http://localhost:3000/_next/static/chunks/node_modules_next_dist_115brz8._.js:2790
[  219556ms] [ERROR] Failed to load resource: net::ERR_CONNECTION_REFUSED @ http://localhost:3000/api/cards:0
[  219556ms] TypeError: Failed to fetch
    at KanbanPage.useCallback[fetchCards] (http://localhost:3000/_next/static/chunks/_0h_k62y._.js:831:31)
    at KanbanPage.useEffect.t (http://localhost:3000/_next/static/chunks/_0h_k62y._.js:851:21)
[  219556ms] [ERROR] Failed to load resource: net::ERR_CONNECTION_REFUSED @ http://localhost:3000/:0
[  219556ms] [ERROR] WebSocket is already in CLOSING or CLOSED state. @ http://localhost:3000/_next/static/chunks/node_modules_next_dist_115brz8._.js:2790
[  219557ms] TypeError: Failed to fetch
    at fetchServerAction (http://localhost:3000/_next/static/chunks/node_modules_next_dist_client_0fhqo1d._.js:11109:23)
[  219572ms] [ERROR] WebSocket is already in CLOSING or CLOSED state. @ http://localhost:3000/_next/static/chunks/node_modules_next_dist_115brz8._.js:2790
[  220204ms] [ERROR] WebSocket connection to 'ws://localhost:3000/_next/webpack-hmr?id=UXoV6u5XUQv-SjLWo7sU3' failed: Error in connection establishment: net::ERR_CONNECTION_REFUSED @ http://localhost:3000/_next/static/chunks/node_modules_next_dist_client_0fhqo1d._.js:13299
[  222555ms] [ERROR] Failed to load resource: net::ERR_CONNECTION_REFUSED @ http://localhost:3000/api/cards:0
[  222556ms] TypeError: Failed to fetch
    at KanbanPage.useCallback[fetchCards] (http://localhost:3000/_next/static/chunks/_0h_k62y._.js:831:31)
    at KanbanPage.useEffect.t (http://localhost:3000/_next/static/chunks/_0h_k62y._.js:851:21)
[  222556ms] [ERROR] Failed to load resource: net::ERR_CONNECTION_REFUSED @ http://localhost:3000/:0
[  222556ms] TypeError: Failed to fetch
    at fetchServerAction (http://localhost:3000/_next/static/chunks/node_modules_next_dist_client_0fhqo1d._.js:11109:23)
[  222556ms] [ERROR] WebSocket is already in CLOSING or CLOSED state. @ http://localhost:3000/_next/static/chunks/node_modules_next_dist_115brz8._.js:2790
[  225211ms] [ERROR] WebSocket connection to 'ws://localhost:3000/_next/webpack-hmr?id=UXoV6u5XUQv-SjLWo7sU3' failed: Error in connection establishment: net::ERR_CONNECTION_REFUSED @ http://localhost:3000/_next/static/chunks/node_modules_next_dist_client_0fhqo1d._.js:13299
